
C:\Users\rich\Dropbox\audio\git\bidoptimize>cls

 Welcome to the bidulizer


  Press o Optimize
  Press h for Helper apps
  Press d for bidule Default patch
  Press b for bidule Big patch  
  Press e for bidule Empty patch
  Press r Restore
  Press q Quit


What do you want to do? 
 Optimizing your computer now!

 
 Stopping some programs
Press any key to continue . . . 

 Your PC has been optimized 

 Welcome to the bidulizer


  Press o Optimize
  Press h for Helper apps
  Press d for bidule Default patch
  Press b for bidule Big patch  
  Press e for bidule Empty patch
  Press r Restore
  Press q Quit


What do you want to do? 


 See ya!

 Rich Rath Modified this script in 2015
 Originally credited to to SmiTTTen - DJ Trancicted - Stashe





Waiting for 2 seconds, press a key to continue ...1
